  Scene3.cpp
d:\users\n507\desktop\ihateresetssp2\studio project 2 solution\mygraphics\source\scene3.cpp(56): warning C4244: 'argument': conversion from 'time_t' to 'unsigned int', possible loss of data
d:\users\n507\desktop\ihateresetssp2\studio project 2 solution\mygraphics\source\scene3.cpp(70): warning C4244: 'argument': conversion from 'time_t' to 'unsigned int', possible loss of data
d:\users\n507\desktop\ihateresetssp2\studio project 2 solution\mygraphics\source\scene3.cpp(84): warning C4244: 'argument': conversion from 'time_t' to 'unsigned int', possible loss of data
d:\users\n507\desktop\ihateresetssp2\studio project 2 solution\mygraphics\source\scene3.cpp(98): warning C4244: 'argument': conversion from 'time_t' to 'unsigned int', possible loss of data
d:\users\n507\desktop\ihateresetssp2\studio project 2 solution\mygraphics\source\scene3.cpp(112): warning C4244: 'argument': conversion from 'time_t' to 'unsigned int', possible loss of data
d:\users\n507\desktop\ihateresetssp2\studio project 2 solution\mygraphics\source\scene3.cpp(463): warning C4244: 'argument': conversion from 'time_t' to 'unsigned int', possible loss of data
d:\users\n507\desktop\ihateresetssp2\studio project 2 solution\mygraphics\source\scene3.cpp(555): warning C4800: 'Light *': forcing value to bool 'true' or 'false' (performance warning)
d:\users\n507\desktop\ihateresetssp2\studio project 2 solution\mygraphics\source\scene3.cpp(563): warning C4800: 'Light *': forcing value to bool 'true' or 'false' (performance warning)
d:\users\n507\desktop\ihateresetssp2\studio project 2 solution\mygraphics\source\scene3.cpp(573): warning C4800: 'Light *': forcing value to bool 'true' or 'false' (performance warning)
d:\users\n507\desktop\ihateresetssp2\studio project 2 solution\mygraphics\source\scene3.cpp(583): warning C4800: 'Light *': forcing value to bool 'true' or 'false' (performance warning)
d:\users\n507\desktop\ihateresetssp2\studio project 2 solution\mygraphics\source\scene3.cpp(592): warning C4800: 'Light *': forcing value to bool 'true' or 'false' (performance warning)
d:\users\n507\desktop\ihateresetssp2\studio project 2 solution\mygraphics\source\scene3.cpp(600): warning C4800: 'Light *': forcing value to bool 'true' or 'false' (performance warning)
d:\users\n507\desktop\ihateresetssp2\studio project 2 solution\mygraphics\source\scene3.cpp(610): warning C4800: 'Light *': forcing value to bool 'true' or 'false' (performance warning)
d:\users\n507\desktop\ihateresetssp2\studio project 2 solution\mygraphics\source\scene3.cpp(620): warning C4800: 'Light *': forcing value to bool 'true' or 'false' (performance warning)
d:\users\n507\desktop\ihateresetssp2\studio project 2 solution\mygraphics\source\scene3.cpp(629): warning C4800: 'Light *': forcing value to bool 'true' or 'false' (performance warning)
d:\users\n507\desktop\ihateresetssp2\studio project 2 solution\mygraphics\source\scene3.cpp(637): warning C4800: 'Light *': forcing value to bool 'true' or 'false' (performance warning)
d:\users\n507\desktop\ihateresetssp2\studio project 2 solution\mygraphics\source\scene3.cpp(647): warning C4800: 'Light *': forcing value to bool 'true' or 'false' (performance warning)
d:\users\n507\desktop\ihateresetssp2\studio project 2 solution\mygraphics\source\scene3.cpp(657): warning C4800: 'Light *': forcing value to bool 'true' or 'false' (performance warning)
d:\users\n507\desktop\ihateresetssp2\studio project 2 solution\mygraphics\source\scene3.cpp(667): warning C4800: 'Light *': forcing value to bool 'true' or 'false' (performance warning)
d:\users\n507\desktop\ihateresetssp2\studio project 2 solution\mygraphics\source\scene3.cpp(674): warning C4800: 'Light *': forcing value to bool 'true' or 'false' (performance warning)
d:\users\n507\desktop\ihateresetssp2\studio project 2 solution\mygraphics\source\scene3.cpp(684): warning C4800: 'Light *': forcing value to bool 'true' or 'false' (performance warning)
d:\users\n507\desktop\ihateresetssp2\studio project 2 solution\mygraphics\source\scene3.cpp(694): warning C4800: 'Light *': forcing value to bool 'true' or 'false' (performance warning)
d:\users\n507\desktop\ihateresetssp2\studio project 2 solution\mygraphics\source\scene3.cpp(703): warning C4800: 'Light *': forcing value to bool 'true' or 'false' (performance warning)
d:\users\n507\desktop\ihateresetssp2\studio project 2 solution\mygraphics\source\scene3.cpp(711): warning C4800: 'Light *': forcing value to bool 'true' or 'false' (performance warning)
d:\users\n507\desktop\ihateresetssp2\studio project 2 solution\mygraphics\source\scene3.cpp(721): warning C4800: 'Light *': forcing value to bool 'true' or 'false' (performance warning)
d:\users\n507\desktop\ihateresetssp2\studio project 2 solution\mygraphics\source\scene3.cpp(731): warning C4800: 'Light *': forcing value to bool 'true' or 'false' (performance warning)
d:\users\n507\desktop\ihateresetssp2\studio project 2 solution\mygraphics\source\scene3.cpp(767): warning C4305: 'argument': truncation from 'double' to 'float'
d:\users\n507\desktop\ihateresetssp2\studio project 2 solution\mygraphics\source\scene3.cpp(768): warning C4305: 'argument': truncation from 'double' to 'float'
d:\users\n507\desktop\ihateresetssp2\studio project 2 solution\mygraphics\source\scene3.cpp(769): warning C4305: 'argument': truncation from 'double' to 'float'
d:\users\n507\desktop\ihateresetssp2\studio project 2 solution\mygraphics\source\scene3.cpp(950): warning C4244: 'argument': conversion from 'int' to 'float', possible loss of data
d:\users\n507\desktop\ihateresetssp2\studio project 2 solution\mygraphics\source\scene3.cpp(951): warning C4244: 'argument': conversion from 'int' to 'float', possible loss of data
  MyGraphics.vcxproj -> D:\Users\n507\Desktop\IHateResetsSP2\Studio Project 2 Solution\Debug\MyGraphics.exe
  MyGraphics.vcxproj -> D:\Users\n507\Desktop\IHateResetsSP2\Studio Project 2 Solution\Debug\MyGraphics.pdb (Full PDB)
