d:\users\n506\documents\github\studio project 2 solution\mygraphics\debug\vc140.pdb
d:\users\n506\documents\github\studio project 2 solution\mygraphics\debug\vc140.idb
d:\users\n506\documents\github\studio project 2 solution\mygraphics\debug\camera.obj
d:\users\n506\documents\github\studio project 2 solution\mygraphics\debug\camerafpv.obj
d:\users\n506\documents\github\studio project 2 solution\mygraphics\debug\loadobj.obj
d:\users\n506\documents\github\studio project 2 solution\mygraphics\debug\loadtga.obj
d:\users\n506\documents\github\studio project 2 solution\mygraphics\debug\main.obj
d:\users\n506\documents\github\studio project 2 solution\mygraphics\debug\mesh.obj
d:\users\n506\documents\github\studio project 2 solution\mygraphics\debug\meshbuilder.obj
d:\users\n506\documents\github\studio project 2 solution\mygraphics\debug\npc.obj
d:\users\n506\documents\github\studio project 2 solution\mygraphics\debug\object.obj
d:\users\n506\documents\github\studio project 2 solution\mygraphics\debug\scene2.obj
d:\users\n506\documents\github\studio project 2 solution\mygraphics\debug\scene4.obj
d:\users\n506\documents\github\studio project 2 solution\mygraphics\debug\scenemain.obj
d:\users\n506\documents\github\studio project 2 solution\mygraphics\debug\scenemanager.obj
d:\users\n506\documents\github\studio project 2 solution\mygraphics\debug\shader.obj
d:\users\n506\documents\github\studio project 2 solution\mygraphics\debug\utility.obj
d:\users\n506\documents\github\studio project 2 solution\mygraphics\debug\scene1.obj
d:\users\n506\documents\github\studio project 2 solution\mygraphics\debug\application.obj
d:\users\n506\documents\github\studio project 2 solution\mygraphics\debug\ringobject.obj
d:\users\n506\documents\github\studio project 2 solution\debug\mygraphics.ilk
d:\users\n506\documents\github\studio project 2 solution\debug\mygraphics.exe
d:\users\n506\documents\github\studio project 2 solution\debug\mygraphics.pdb
d:\users\n506\documents\github\studio project 2 solution\mygraphics\debug\mygraphics.tlog\cl.command.1.tlog
d:\users\n506\documents\github\studio project 2 solution\mygraphics\debug\mygraphics.tlog\cl.read.1.tlog
d:\users\n506\documents\github\studio project 2 solution\mygraphics\debug\mygraphics.tlog\cl.write.1.tlog
d:\users\n506\documents\github\studio project 2 solution\mygraphics\debug\mygraphics.tlog\link.command.1.tlog
d:\users\n506\documents\github\studio project 2 solution\mygraphics\debug\mygraphics.tlog\link.read.1.tlog
d:\users\n506\documents\github\studio project 2 solution\mygraphics\debug\mygraphics.tlog\link.write.1.tlog
